09/05/2024 19:03:14.314 [[32minfo[39m]: host name read successfully
09/05/2024 19:03:15.154 [[32minfo[39m]: host name read successfully
09/05/2024 19:03:15.383 [[32minfo[39m]: host name read successfully
09/05/2024 19:03:15.573 [[32minfo[39m]: host name read successfully
09/05/2024 19:03:15.743 [[32minfo[39m]: host name read successfully
09/05/2024 19:03:15.935 [[32minfo[39m]: host name read successfully
09/05/2024 19:03:16.124 [[32minfo[39m]: host name read successfully
09/05/2024 19:03:16.361 [[32minfo[39m]: host name read successfully
09/05/2024 19:04:00.815 [[32minfo[39m]: host name read successfully
09/05/2024 19:04:01.528 [[32minfo[39m]: host name read successfully
09/05/2024 19:05:47.922 [[32minfo[39m]: host name read successfully
09/05/2024 19:05:48.965 [[32minfo[39m]: host name read successfully
09/05/2024 19:05:49.805 [[32minfo[39m]: host name read successfully
09/05/2024 19:05:50.663 [[32minfo[39m]: host name read successfully
09/05/2024 19:06:29.401 [[32minfo[39m]: host name read successfully
09/05/2024 19:06:30.419 [[32minfo[39m]: host name read successfully
09/05/2024 19:06:31.727 [[32minfo[39m]: host name read successfully
09/05/2024 19:06:34.976 [[32minfo[39m]: host name read successfully
09/05/2024 19:06:36.285 [[32minfo[39m]: host name read successfully
09/05/2024 19:06:52.991 [[32minfo[39m]: successfully found clients
09/05/2024 19:06:52.993 [[31merror[39m]: path: src/controllers/client/findByIdClientesController.js message: Do not know how to serialize a BigInt
09/05/2024 19:06:53.531 [[32minfo[39m]: successfully found clients
09/05/2024 19:06:53.531 [[31merror[39m]: path: src/controllers/client/findByIdClientesController.js message: Do not know how to serialize a BigInt
09/05/2024 19:06:53.818 [[32minfo[39m]: successfully found clients
09/05/2024 19:06:53.818 [[31merror[39m]: path: src/controllers/client/findByIdClientesController.js message: Do not know how to serialize a BigInt
09/05/2024 19:06:54.064 [[32minfo[39m]: successfully found clients
09/05/2024 19:06:54.064 [[31merror[39m]: path: src/controllers/client/findByIdClientesController.js message: Do not know how to serialize a BigInt
09/05/2024 19:06:54.291 [[32minfo[39m]: successfully found clients
09/05/2024 19:06:54.291 [[31merror[39m]: path: src/controllers/client/findByIdClientesController.js message: Do not know how to serialize a BigInt
09/05/2024 19:06:54.545 [[32minfo[39m]: successfully found clients
09/05/2024 19:06:54.546 [[31merror[39m]: path: src/controllers/client/findByIdClientesController.js message: Do not know how to serialize a BigInt
09/05/2024 19:06:55.748 [[32minfo[39m]: successfully found clients
09/05/2024 19:06:55.749 [[31merror[39m]: path: src/controllers/client/findByIdClientesController.js message: Do not know how to serialize a BigInt
09/05/2024 19:06:56.083 [[32minfo[39m]: successfully found clients
09/05/2024 19:06:56.083 [[31merror[39m]: path: src/controllers/client/findByIdClientesController.js message: Do not know how to serialize a BigInt
09/05/2024 19:06:56.318 [[32minfo[39m]: successfully found clients
09/05/2024 19:06:56.319 [[31merror[39m]: path: src/controllers/client/findByIdClientesController.js message: Do not know how to serialize a BigInt
09/05/2024 19:06:56.553 [[32minfo[39m]: successfully found clients
09/05/2024 19:06:56.554 [[31merror[39m]: path: src/controllers/client/findByIdClientesController.js message: Do not know how to serialize a BigInt
09/05/2024 19:06:56.761 [[32minfo[39m]: successfully found clients
09/05/2024 19:06:56.761 [[31merror[39m]: path: src/controllers/client/findByIdClientesController.js message: Do not know how to serialize a BigInt
09/05/2024 19:06:56.970 [[32minfo[39m]: successfully found clients
09/05/2024 19:06:56.971 [[31merror[39m]: path: src/controllers/client/findByIdClientesController.js message: Do not know how to serialize a BigInt
09/05/2024 19:06:57.151 [[32minfo[39m]: successfully found clients
09/05/2024 19:06:57.153 [[31merror[39m]: path: src/controllers/client/findByIdClientesController.js message: Do not know how to serialize a BigInt
09/05/2024 19:06:57.335 [[32minfo[39m]: successfully found clients
09/05/2024 19:06:57.335 [[31merror[39m]: path: src/controllers/client/findByIdClientesController.js message: Do not know how to serialize a BigInt
09/05/2024 19:06:58.700 [[32minfo[39m]: successfully found clients
09/05/2024 19:06:58.701 [[31merror[39m]: path: src/controllers/client/findByIdClientesController.js message: Do not know how to serialize a BigInt
09/05/2024 19:07:53.418 [[32minfo[39m]: successfully found clients
09/05/2024 19:07:53.421 [[31merror[39m]: path: src/controllers/client/findByIdClientesController.js message: Do not know how to serialize a BigInt
09/05/2024 19:11:07.832 [[32minfo[39m]: successfully found clients
09/05/2024 19:11:07.834 [[31merror[39m]: path: src/controllers/client/findByIdClientesController.js message: Do not know how to serialize a BigInt
09/05/2024 19:11:08.619 [[32minfo[39m]: successfully found clients
09/05/2024 19:11:08.619 [[31merror[39m]: path: src/controllers/client/findByIdClientesController.js message: Do not know how to serialize a BigInt
09/05/2024 19:11:09.322 [[32minfo[39m]: successfully found clients
09/05/2024 19:11:09.323 [[31merror[39m]: path: src/controllers/client/findByIdClientesController.js message: Do not know how to serialize a BigInt
09/05/2024 19:11:09.871 [[32minfo[39m]: successfully found clients
09/05/2024 19:11:09.871 [[31merror[39m]: path: src/controllers/client/findByIdClientesController.js message: Do not know how to serialize a BigInt
09/05/2024 19:11:10.699 [[32minfo[39m]: successfully found clients
09/05/2024 19:11:10.700 [[31merror[39m]: path: src/controllers/client/findByIdClientesController.js message: Do not know how to serialize a BigInt
09/05/2024 19:11:13.689 [[32minfo[39m]: successfully found clients
09/05/2024 19:11:14.675 [[32minfo[39m]: successfully found clients
09/05/2024 19:11:15.899 [[32minfo[39m]: successfully found clients
09/05/2024 19:11:16.522 [[32minfo[39m]: successfully found clients
09/05/2024 19:11:16.876 [[32minfo[39m]: successfully found clients
09/05/2024 19:11:17.167 [[32minfo[39m]: successfully found clients
09/05/2024 19:11:17.413 [[32minfo[39m]: successfully found clients
09/05/2024 19:12:22.985 [[32minfo[39m]: successfully found clients
23/05/2024 19:46:08.683 [[32minfo[39m]: successfully found clients
24/05/2024 18:07:01.355 [[32minfo[39m]: successfully found clients
25/05/2024 20:53:49.479 [[32minfo[39m]: successfully found clients
25/05/2024 21:11:26.711 [[32minfo[39m]: successfully found clients
25/05/2024 21:11:42.968 [[32minfo[39m]: successfully found clients
25/05/2024 21:13:09.080 [[32minfo[39m]: successfully found clients
25/05/2024 21:14:25.073 [[32minfo[39m]: successfully found clients
25/05/2024 21:14:30.006 [[32minfo[39m]: successfully found clients
25/05/2024 21:14:57.056 [[32minfo[39m]: successfully found clients
25/05/2024 21:15:01.393 [[32minfo[39m]: successfully found clients
25/05/2024 21:15:12.461 [[32minfo[39m]: successfully found clients
25/05/2024 21:15:34.163 [[32minfo[39m]: successfully found clients
25/05/2024 21:15:50.847 [[32minfo[39m]: successfully found clients
25/05/2024 21:16:39.397 [[32minfo[39m]: successfully found clients
25/05/2024 21:16:52.792 [[32minfo[39m]: successfully found clients
25/05/2024 21:17:05.719 [[32minfo[39m]: successfully found clients
25/05/2024 21:17:05.721 [[31merror[39m]: path: src/controllers/client/searchAllCitiesController.js message: Do not know how to serialize a BigInt
25/05/2024 21:17:57.719 [[32minfo[39m]: successfully found clients
25/05/2024 21:20:16.790 [[32minfo[39m]: successfully found clients
25/05/2024 21:21:22.331 [[32minfo[39m]: successfully found clients
25/05/2024 21:24:47.319 [[32minfo[39m]: successfully found clients
26/05/2024 06:45:45.211 [[32minfo[39m]: successfully found clients
26/05/2024 06:52:14.176 [[32minfo[39m]: successfully found clients
26/05/2024 06:54:01.397 [[32minfo[39m]: successfully found clients
26/05/2024 07:00:58.385 [[31merror[39m]: path: src/models/searchAllCities.js message: Assignment to constant variable.
26/05/2024 07:02:15.714 [[32minfo[39m]: successfully found clients
26/05/2024 07:18:00.565 [[32minfo[39m]: connectivity found successfully
26/05/2024 07:19:11.729 [[32minfo[39m]: connectivity found successfully
26/05/2024 07:23:39.452 [[32minfo[39m]: connectivity found successfully
26/05/2024 07:23:46.659 [[32minfo[39m]: connectivity found successfully
26/05/2024 07:25:29.954 [[32minfo[39m]: connectivity found successfully
26/05/2024 07:26:23.126 [[32minfo[39m]: connectivity found successfully
26/05/2024 07:31:08.972 [[31merror[39m]: path: src/models/findManyClientes.js message: clientes is not defined
26/05/2024 07:32:14.431 [[32minfo[39m]: connectivity found successfully
26/05/2024 07:32:22.243 [[32minfo[39m]: connectivity found successfully
26/05/2024 07:33:56.912 [[32minfo[39m]: connectivity found successfully
26/05/2024 07:34:28.682 [[32minfo[39m]: connectivity found successfully
26/05/2024 07:34:43.248 [[32minfo[39m]: connectivity found successfully
26/05/2024 07:34:52.739 [[32minfo[39m]: successfully found cities
26/05/2024 07:34:55.708 [[32minfo[39m]: connectivity found successfully
26/05/2024 07:49:04.943 [[32minfo[39m]: internet status found successfully
26/05/2024 07:49:04.945 [[31merror[39m]: path: src/controllers/client/cityInternetStatus.js message: Converting circular structure to JSON
    --> starting at object with constructor 'Socket'
    |     property 'parser' -> object with constructor 'HTTPParser'
    --- property 'socket' closes the circle
26/05/2024 07:50:23.892 [[32minfo[39m]: internet status found successfully
26/05/2024 07:51:22.492 [[32minfo[39m]: internet status found successfully
26/05/2024 07:55:15.364 [[32minfo[39m]: internet status found successfully
26/05/2024 07:57:21.106 [[32minfo[39m]: internet status found successfully
26/05/2024 08:03:08.696 [[31merror[39m]: path: src/models/cityInternetStatus.js message: city is not defined
26/05/2024 08:04:42.137 [[32minfo[39m]: internet status found successfully
26/05/2024 08:04:42.140 [[31merror[39m]: path: src/controllers/client/cityInternetStatus.js message: Do not know how to serialize a BigInt
26/05/2024 08:05:45.851 [[32minfo[39m]: internet status found successfully
26/05/2024 08:11:55.620 [[32minfo[39m]: internet status found successfully
26/05/2024 08:12:40.024 [[32minfo[39m]: internet status found successfully
26/05/2024 08:12:43.234 [[32minfo[39m]: internet status found successfully
26/05/2024 08:13:22.834 [[32minfo[39m]: internet status found successfully
26/05/2024 08:13:24.123 [[32minfo[39m]: internet status found successfully
26/05/2024 08:13:24.868 [[32minfo[39m]: internet status found successfully
26/05/2024 08:13:27.960 [[32minfo[39m]: internet status found successfully
26/05/2024 08:16:05.364 [[32minfo[39m]: internet status found successfully
26/05/2024 08:16:44.167 [[32minfo[39m]: internet status found successfully
26/05/2024 08:18:27.061 [[32minfo[39m]: internet status found successfully
26/05/2024 08:18:28.927 [[32minfo[39m]: internet status found successfully
26/05/2024 08:18:29.573 [[32minfo[39m]: internet status found successfully
26/05/2024 08:20:22.470 [[32minfo[39m]: internet status found successfully
26/05/2024 08:20:53.503 [[32minfo[39m]: internet status found successfully
26/05/2024 08:23:01.159 [[32minfo[39m]: internet status found successfully
26/05/2024 08:24:42.076 [[32minfo[39m]: internet status found successfully
26/05/2024 08:27:12.064 [[32minfo[39m]: internet status found successfully
26/05/2024 08:27:14.674 [[32minfo[39m]: internet status found successfully
26/05/2024 08:28:19.159 [[32minfo[39m]: internet status found successfully
26/05/2024 08:29:18.637 [[32minfo[39m]: internet status found successfully
26/05/2024 08:30:22.897 [[32minfo[39m]: internet status found successfully
26/05/2024 08:32:39.065 [[32minfo[39m]: internet status found successfully
26/05/2024 08:33:14.379 [[32minfo[39m]: internet status found successfully
26/05/2024 08:34:00.130 [[32minfo[39m]: internet status found successfully
26/05/2024 08:35:09.674 [[32minfo[39m]: internet status found successfully
26/05/2024 20:06:40.949 [[32minfo[39m]: internet status found successfully
26/05/2024 20:40:09.736 [[32minfo[39m]: successfully found clients
26/05/2024 20:40:13.319 [[32minfo[39m]: successfully found cities
26/05/2024 20:40:15.900 [[32minfo[39m]: internet status found successfully
26/05/2024 20:41:28.564 [[32minfo[39m]: successfully found clients
26/05/2024 20:41:31.703 [[32minfo[39m]: successfully found cities
26/05/2024 20:41:32.664 [[31merror[39m]: path: src/models/cityInternetStatus.js message: clientes is not defined
26/05/2024 20:42:53.201 [[32minfo[39m]: successfully found clients
26/05/2024 20:42:56.643 [[32minfo[39m]: successfully found clients
26/05/2024 20:42:59.631 [[32minfo[39m]: successfully found cities
26/05/2024 20:43:01.031 [[32minfo[39m]: internet status found successfully
26/05/2024 20:45:11.325 [[32minfo[39m]: successfully found cities
26/05/2024 20:57:20.450 [[32minfo[39m]: successfully found clients
26/05/2024 20:57:20.466 [[32minfo[39m]: successfully found cities
26/05/2024 20:57:20.648 [[32minfo[39m]: successfully found clients
26/05/2024 20:57:20.660 [[32minfo[39m]: successfully found cities
26/05/2024 20:57:37.222 [[32minfo[39m]: successfully found clients
26/05/2024 20:57:37.235 [[32minfo[39m]: successfully found cities
26/05/2024 20:57:37.405 [[32minfo[39m]: successfully found cities
26/05/2024 20:57:37.416 [[32minfo[39m]: successfully found clients
26/05/2024 20:58:03.107 [[32minfo[39m]: successfully found cities
26/05/2024 20:58:03.113 [[32minfo[39m]: successfully found clients
26/05/2024 20:58:03.256 [[32minfo[39m]: successfully found cities
26/05/2024 20:58:03.275 [[32minfo[39m]: successfully found clients
26/05/2024 20:58:05.055 [[32minfo[39m]: successfully found clients
26/05/2024 20:58:05.067 [[32minfo[39m]: successfully found cities
26/05/2024 20:58:05.182 [[32minfo[39m]: successfully found cities
26/05/2024 20:58:05.302 [[32minfo[39m]: successfully found clients
26/05/2024 20:58:08.001 [[32minfo[39m]: successfully found clients
26/05/2024 20:58:08.019 [[32minfo[39m]: successfully found cities
26/05/2024 20:58:08.172 [[32minfo[39m]: successfully found clients
26/05/2024 20:58:08.184 [[32minfo[39m]: successfully found cities
26/05/2024 20:58:13.030 [[32minfo[39m]: successfully found clients
26/05/2024 20:58:13.043 [[32minfo[39m]: successfully found cities
26/05/2024 20:58:13.211 [[32minfo[39m]: successfully found clients
26/05/2024 20:58:13.226 [[32minfo[39m]: successfully found cities
26/05/2024 20:58:16.964 [[32minfo[39m]: successfully found clients
26/05/2024 20:58:16.977 [[32minfo[39m]: successfully found cities
26/05/2024 20:58:17.110 [[32minfo[39m]: successfully found cities
26/05/2024 20:58:17.185 [[32minfo[39m]: successfully found clients
26/05/2024 20:58:23.505 [[32minfo[39m]: successfully found cities
26/05/2024 20:58:23.567 [[32minfo[39m]: successfully found clients
26/05/2024 20:58:23.646 [[32minfo[39m]: successfully found cities
26/05/2024 20:58:23.708 [[32minfo[39m]: successfully found clients
26/05/2024 20:58:35.032 [[32minfo[39m]: successfully found clients
26/05/2024 20:58:35.043 [[32minfo[39m]: successfully found cities
26/05/2024 20:58:35.193 [[32minfo[39m]: successfully found clients
26/05/2024 20:58:35.210 [[32minfo[39m]: successfully found cities
26/05/2024 20:58:37.025 [[32minfo[39m]: successfully found clients
26/05/2024 20:58:37.038 [[32minfo[39m]: successfully found cities
26/05/2024 20:58:37.196 [[32minfo[39m]: successfully found cities
26/05/2024 20:58:37.206 [[32minfo[39m]: successfully found clients
26/05/2024 20:58:38.074 [[32minfo[39m]: successfully found clients
26/05/2024 20:58:38.109 [[32minfo[39m]: successfully found cities
26/05/2024 20:58:38.236 [[32minfo[39m]: successfully found clients
26/05/2024 20:58:38.283 [[32minfo[39m]: successfully found cities
26/05/2024 20:58:40.075 [[32minfo[39m]: successfully found clients
26/05/2024 20:58:40.119 [[32minfo[39m]: successfully found cities
26/05/2024 20:58:40.240 [[32minfo[39m]: successfully found clients
26/05/2024 20:58:40.316 [[32minfo[39m]: successfully found cities
26/05/2024 20:58:43.099 [[32minfo[39m]: successfully found cities
26/05/2024 20:58:43.102 [[32minfo[39m]: successfully found clients
26/05/2024 20:58:43.225 [[32minfo[39m]: successfully found cities
26/05/2024 20:58:43.299 [[32minfo[39m]: successfully found clients
26/05/2024 20:58:51.082 [[32minfo[39m]: successfully found clients
26/05/2024 20:58:51.120 [[32minfo[39m]: successfully found cities
26/05/2024 20:58:51.239 [[32minfo[39m]: successfully found clients
26/05/2024 20:58:51.281 [[32minfo[39m]: successfully found cities
26/05/2024 20:58:55.054 [[32minfo[39m]: successfully found clients
26/05/2024 20:58:55.066 [[32minfo[39m]: successfully found cities
26/05/2024 20:58:55.228 [[32minfo[39m]: successfully found clients
26/05/2024 20:58:55.241 [[32minfo[39m]: successfully found cities
26/05/2024 20:58:58.057 [[32minfo[39m]: successfully found clients
26/05/2024 20:58:58.099 [[32minfo[39m]: successfully found cities
26/05/2024 20:58:58.215 [[32minfo[39m]: successfully found cities
26/05/2024 20:58:58.326 [[32minfo[39m]: successfully found clients
26/05/2024 20:59:00.079 [[32minfo[39m]: successfully found clients
26/05/2024 20:59:00.095 [[32minfo[39m]: successfully found cities
26/05/2024 20:59:00.209 [[32minfo[39m]: successfully found cities
26/05/2024 20:59:00.279 [[32minfo[39m]: successfully found clients
26/05/2024 20:59:02.033 [[32minfo[39m]: successfully found clients
26/05/2024 20:59:02.049 [[32minfo[39m]: successfully found cities
26/05/2024 20:59:02.204 [[32minfo[39m]: successfully found clients
26/05/2024 20:59:02.216 [[32minfo[39m]: successfully found cities
26/05/2024 20:59:06.018 [[32minfo[39m]: successfully found cities
26/05/2024 20:59:06.096 [[32minfo[39m]: successfully found clients
26/05/2024 20:59:06.175 [[32minfo[39m]: successfully found cities
26/05/2024 20:59:06.238 [[32minfo[39m]: successfully found clients
26/05/2024 20:59:43.049 [[32minfo[39m]: successfully found clients
26/05/2024 20:59:43.062 [[32minfo[39m]: successfully found cities
26/05/2024 20:59:43.192 [[32minfo[39m]: successfully found clients
26/05/2024 20:59:43.243 [[32minfo[39m]: successfully found cities
26/05/2024 21:00:07.104 [[32minfo[39m]: successfully found clients
26/05/2024 21:00:07.115 [[32minfo[39m]: successfully found cities
26/05/2024 21:00:07.267 [[32minfo[39m]: successfully found clients
26/05/2024 21:00:07.280 [[32minfo[39m]: successfully found cities
26/05/2024 21:00:09.062 [[32minfo[39m]: successfully found clients
26/05/2024 21:00:09.074 [[32minfo[39m]: successfully found cities
26/05/2024 21:00:09.210 [[32minfo[39m]: successfully found clients
26/05/2024 21:00:09.245 [[32minfo[39m]: successfully found cities
26/05/2024 21:00:10.095 [[32minfo[39m]: successfully found clients
26/05/2024 21:00:10.107 [[32minfo[39m]: successfully found cities
26/05/2024 21:00:10.263 [[32minfo[39m]: successfully found cities
26/05/2024 21:00:10.269 [[32minfo[39m]: successfully found clients
26/05/2024 21:00:11.090 [[32minfo[39m]: successfully found clients
26/05/2024 21:00:11.102 [[32minfo[39m]: successfully found cities
26/05/2024 21:00:11.216 [[32minfo[39m]: successfully found cities
26/05/2024 21:00:11.294 [[32minfo[39m]: successfully found clients
26/05/2024 21:00:18.066 [[32minfo[39m]: successfully found clients
26/05/2024 21:00:18.078 [[32minfo[39m]: successfully found cities
26/05/2024 21:00:18.235 [[32minfo[39m]: successfully found clients
26/05/2024 21:00:18.245 [[32minfo[39m]: successfully found cities
26/05/2024 21:00:23.087 [[32minfo[39m]: successfully found clients
26/05/2024 21:00:23.099 [[32minfo[39m]: successfully found cities
26/05/2024 21:00:23.248 [[32minfo[39m]: successfully found clients
26/05/2024 21:00:23.262 [[32minfo[39m]: successfully found cities
26/05/2024 21:00:26.159 [[32minfo[39m]: successfully found clients
26/05/2024 21:00:26.172 [[32minfo[39m]: successfully found cities
26/05/2024 21:00:26.289 [[32minfo[39m]: successfully found cities
26/05/2024 21:00:26.352 [[32minfo[39m]: successfully found clients
26/05/2024 21:00:28.080 [[32minfo[39m]: successfully found clients
26/05/2024 21:00:28.094 [[32minfo[39m]: successfully found cities
26/05/2024 21:00:28.214 [[32minfo[39m]: successfully found cities
26/05/2024 21:00:28.286 [[32minfo[39m]: successfully found clients
26/05/2024 21:00:29.094 [[32minfo[39m]: successfully found clients
26/05/2024 21:00:29.106 [[32minfo[39m]: successfully found cities
26/05/2024 21:00:29.237 [[32minfo[39m]: successfully found clients
26/05/2024 21:00:29.283 [[32minfo[39m]: successfully found cities
26/05/2024 21:00:31.086 [[32minfo[39m]: successfully found clients
26/05/2024 21:00:31.099 [[32minfo[39m]: successfully found cities
26/05/2024 21:00:31.249 [[32minfo[39m]: successfully found clients
26/05/2024 21:00:31.263 [[32minfo[39m]: successfully found cities
26/05/2024 21:01:18.466 [[32minfo[39m]: successfully found clients
26/05/2024 21:01:18.481 [[32minfo[39m]: successfully found cities
26/05/2024 21:01:18.630 [[32minfo[39m]: successfully found clients
26/05/2024 21:01:18.645 [[32minfo[39m]: successfully found cities
26/05/2024 21:01:27.051 [[32minfo[39m]: successfully found clients
26/05/2024 21:01:27.063 [[32minfo[39m]: successfully found cities
26/05/2024 21:01:27.215 [[32minfo[39m]: successfully found clients
26/05/2024 21:01:27.227 [[32minfo[39m]: successfully found cities
26/05/2024 21:01:28.003 [[32minfo[39m]: successfully found cities
26/05/2024 21:01:28.022 [[32minfo[39m]: successfully found clients
26/05/2024 21:01:28.155 [[32minfo[39m]: successfully found cities
26/05/2024 21:01:28.246 [[32minfo[39m]: successfully found clients
26/05/2024 21:01:29.040 [[32minfo[39m]: successfully found cities
26/05/2024 21:01:29.103 [[32minfo[39m]: successfully found clients
26/05/2024 21:01:29.189 [[32minfo[39m]: successfully found cities
26/05/2024 21:01:29.254 [[32minfo[39m]: successfully found clients
26/05/2024 21:01:30.994 [[32minfo[39m]: successfully found clients
26/05/2024 21:01:31.007 [[32minfo[39m]: successfully found cities
26/05/2024 21:01:31.154 [[32minfo[39m]: successfully found cities
26/05/2024 21:01:31.167 [[32minfo[39m]: successfully found clients
26/05/2024 21:01:34.621 [[32minfo[39m]: successfully found clients
26/05/2024 21:01:34.633 [[32minfo[39m]: successfully found cities
26/05/2024 21:01:34.784 [[32minfo[39m]: successfully found clients
26/05/2024 21:01:34.797 [[32minfo[39m]: successfully found cities
26/05/2024 21:01:38.930 [[32minfo[39m]: successfully found clients
26/05/2024 21:01:38.976 [[32minfo[39m]: successfully found cities
26/05/2024 21:01:39.097 [[32minfo[39m]: successfully found clients
26/05/2024 21:01:39.174 [[32minfo[39m]: successfully found cities
26/05/2024 21:03:28.454 [[32minfo[39m]: successfully found clients
26/05/2024 21:03:28.465 [[32minfo[39m]: successfully found cities
26/05/2024 21:03:28.628 [[32minfo[39m]: successfully found clients
26/05/2024 21:03:28.639 [[32minfo[39m]: successfully found cities
26/05/2024 21:05:13.358 [[32minfo[39m]: successfully found clients
26/05/2024 21:05:13.369 [[32minfo[39m]: successfully found cities
26/05/2024 21:05:13.529 [[32minfo[39m]: successfully found clients
26/05/2024 21:05:13.542 [[32minfo[39m]: successfully found cities
26/05/2024 21:06:57.883 [[32minfo[39m]: successfully found clients
26/05/2024 21:06:57.904 [[32minfo[39m]: successfully found cities
26/05/2024 21:06:58.082 [[32minfo[39m]: successfully found clients
26/05/2024 21:06:58.095 [[32minfo[39m]: successfully found cities
26/05/2024 21:07:31.111 [[32minfo[39m]: successfully found clients
26/05/2024 21:07:31.122 [[32minfo[39m]: successfully found cities
26/05/2024 21:07:31.315 [[32minfo[39m]: successfully found clients
26/05/2024 21:07:31.326 [[32minfo[39m]: successfully found cities
26/05/2024 21:07:35.689 [[32minfo[39m]: successfully found clients
26/05/2024 21:07:35.701 [[32minfo[39m]: successfully found cities
26/05/2024 21:07:35.846 [[32minfo[39m]: successfully found clients
26/05/2024 21:07:35.860 [[32minfo[39m]: successfully found cities
26/05/2024 21:07:36.676 [[32minfo[39m]: successfully found cities
26/05/2024 21:07:36.755 [[32minfo[39m]: successfully found clients
26/05/2024 21:07:36.817 [[32minfo[39m]: successfully found cities
26/05/2024 21:07:36.895 [[32minfo[39m]: successfully found clients
26/05/2024 21:07:39.699 [[32minfo[39m]: successfully found clients
26/05/2024 21:07:39.716 [[32minfo[39m]: successfully found cities
26/05/2024 21:07:39.832 [[32minfo[39m]: successfully found cities
26/05/2024 21:07:39.894 [[32minfo[39m]: successfully found clients
26/05/2024 21:07:40.706 [[32minfo[39m]: successfully found clients
26/05/2024 21:07:40.718 [[32minfo[39m]: successfully found cities
26/05/2024 21:07:40.862 [[32minfo[39m]: successfully found clients
26/05/2024 21:07:40.875 [[32minfo[39m]: successfully found cities
26/05/2024 21:07:42.673 [[32minfo[39m]: successfully found clients
26/05/2024 21:07:42.686 [[32minfo[39m]: successfully found cities
26/05/2024 21:07:42.837 [[32minfo[39m]: successfully found clients
26/05/2024 21:07:42.850 [[32minfo[39m]: successfully found cities
26/05/2024 21:08:07.817 [[32minfo[39m]: successfully found clients
26/05/2024 21:08:07.828 [[32minfo[39m]: successfully found cities
26/05/2024 21:08:08.008 [[32minfo[39m]: successfully found clients
26/05/2024 21:08:08.023 [[32minfo[39m]: successfully found cities
26/05/2024 21:08:09.732 [[32minfo[39m]: successfully found clients
26/05/2024 21:08:09.745 [[32minfo[39m]: successfully found cities
26/05/2024 21:08:09.898 [[32minfo[39m]: successfully found clients
26/05/2024 21:08:09.909 [[32minfo[39m]: successfully found cities
26/05/2024 21:08:11.668 [[32minfo[39m]: successfully found clients
26/05/2024 21:08:11.714 [[32minfo[39m]: successfully found cities
26/05/2024 21:08:11.822 [[32minfo[39m]: successfully found clients
26/05/2024 21:08:11.898 [[32minfo[39m]: successfully found cities
26/05/2024 21:08:17.717 [[32minfo[39m]: successfully found clients
26/05/2024 21:08:17.727 [[32minfo[39m]: successfully found cities
26/05/2024 21:08:17.872 [[32minfo[39m]: successfully found cities
26/05/2024 21:08:17.877 [[32minfo[39m]: successfully found clients
26/05/2024 21:08:19.736 [[32minfo[39m]: successfully found clients
26/05/2024 21:08:19.750 [[32minfo[39m]: successfully found cities
26/05/2024 21:08:19.895 [[32minfo[39m]: successfully found clients
26/05/2024 21:08:19.909 [[32minfo[39m]: successfully found cities
26/05/2024 21:08:38.860 [[32minfo[39m]: successfully found clients
26/05/2024 21:08:38.872 [[32minfo[39m]: successfully found cities
26/05/2024 21:08:39.031 [[32minfo[39m]: successfully found clients
26/05/2024 21:08:39.049 [[32minfo[39m]: successfully found cities
26/05/2024 21:08:40.669 [[32minfo[39m]: successfully found cities
26/05/2024 21:08:40.803 [[32minfo[39m]: successfully found clients
26/05/2024 21:08:40.816 [[32minfo[39m]: successfully found cities
26/05/2024 21:08:40.951 [[32minfo[39m]: successfully found clients
26/05/2024 21:08:45.709 [[32minfo[39m]: successfully found clients
26/05/2024 21:08:45.724 [[32minfo[39m]: successfully found cities
26/05/2024 21:08:45.887 [[32minfo[39m]: successfully found clients
26/05/2024 21:08:45.901 [[32minfo[39m]: successfully found cities
26/05/2024 21:09:12.772 [[32minfo[39m]: successfully found clients
26/05/2024 21:09:12.785 [[32minfo[39m]: successfully found cities
26/05/2024 21:09:12.933 [[32minfo[39m]: successfully found clients
26/05/2024 21:09:12.947 [[32minfo[39m]: successfully found cities
26/05/2024 21:09:25.767 [[32minfo[39m]: successfully found cities
26/05/2024 21:09:25.784 [[32minfo[39m]: successfully found clients
26/05/2024 21:09:25.877 [[32minfo[39m]: successfully found cities
26/05/2024 21:09:25.977 [[32minfo[39m]: successfully found clients
26/05/2024 21:09:43.822 [[32minfo[39m]: successfully found clients
26/05/2024 21:09:43.833 [[32minfo[39m]: successfully found cities
26/05/2024 21:09:44.007 [[32minfo[39m]: successfully found clients
26/05/2024 21:09:44.020 [[32minfo[39m]: successfully found cities
26/05/2024 21:09:54.714 [[32minfo[39m]: successfully found clients
26/05/2024 21:09:54.726 [[32minfo[39m]: successfully found cities
26/05/2024 21:09:54.897 [[32minfo[39m]: successfully found clients
26/05/2024 21:09:54.909 [[32minfo[39m]: successfully found cities
26/05/2024 21:09:55.708 [[32minfo[39m]: successfully found clients
26/05/2024 21:09:55.720 [[32minfo[39m]: successfully found cities
26/05/2024 21:09:55.870 [[32minfo[39m]: successfully found clients
26/05/2024 21:09:55.881 [[32minfo[39m]: successfully found cities
26/05/2024 21:10:14.736 [[32minfo[39m]: successfully found cities
26/05/2024 21:10:14.745 [[32minfo[39m]: successfully found clients
26/05/2024 21:10:14.855 [[32minfo[39m]: successfully found cities
26/05/2024 21:10:14.945 [[32minfo[39m]: successfully found clients
26/05/2024 21:10:15.672 [[32minfo[39m]: successfully found cities
26/05/2024 21:10:15.750 [[32minfo[39m]: successfully found clients
26/05/2024 21:10:15.828 [[32minfo[39m]: successfully found cities
26/05/2024 21:10:15.888 [[32minfo[39m]: successfully found clients
26/05/2024 21:10:29.808 [[32minfo[39m]: successfully found clients
26/05/2024 21:10:29.819 [[32minfo[39m]: successfully found cities
26/05/2024 21:10:29.970 [[32minfo[39m]: successfully found clients
26/05/2024 21:10:29.983 [[32minfo[39m]: successfully found cities
26/05/2024 21:10:31.734 [[32minfo[39m]: successfully found clients
26/05/2024 21:10:31.745 [[32minfo[39m]: successfully found cities
26/05/2024 21:10:31.889 [[32minfo[39m]: successfully found clients
26/05/2024 21:10:31.903 [[32minfo[39m]: successfully found cities
26/05/2024 21:10:33.754 [[32minfo[39m]: successfully found clients
26/05/2024 21:10:33.767 [[32minfo[39m]: successfully found cities
26/05/2024 21:10:33.913 [[32minfo[39m]: successfully found clients
26/05/2024 21:10:33.926 [[32minfo[39m]: successfully found cities
26/05/2024 21:10:37.850 [[32minfo[39m]: internet status found successfully
26/05/2024 21:10:47.651 [[32minfo[39m]: successfully found cities
26/05/2024 21:10:47.729 [[32minfo[39m]: successfully found clients
26/05/2024 21:10:47.808 [[32minfo[39m]: successfully found cities
26/05/2024 21:10:47.871 [[32minfo[39m]: successfully found clients
26/05/2024 21:10:50.664 [[32minfo[39m]: successfully found clients
26/05/2024 21:10:50.683 [[32minfo[39m]: successfully found cities
26/05/2024 21:10:50.829 [[32minfo[39m]: successfully found clients
26/05/2024 21:10:50.842 [[32minfo[39m]: successfully found cities
26/05/2024 21:10:55.697 [[32minfo[39m]: successfully found cities
26/05/2024 21:10:55.710 [[32minfo[39m]: successfully found clients
26/05/2024 21:10:55.819 [[32minfo[39m]: successfully found cities
26/05/2024 21:10:55.907 [[32minfo[39m]: successfully found clients
26/05/2024 21:36:53.755 [[32minfo[39m]: successfully found clients
26/05/2024 21:36:53.768 [[32minfo[39m]: successfully found cities
26/05/2024 21:36:53.924 [[32minfo[39m]: successfully found clients
26/05/2024 21:36:53.935 [[32minfo[39m]: successfully found cities
26/05/2024 21:37:18.460 [[32minfo[39m]: successfully found clients
26/05/2024 21:37:18.473 [[32minfo[39m]: successfully found cities
26/05/2024 21:37:18.623 [[32minfo[39m]: successfully found clients
26/05/2024 21:37:18.637 [[32minfo[39m]: successfully found cities
26/05/2024 21:37:22.448 [[32minfo[39m]: successfully found clients
26/05/2024 21:37:22.461 [[32minfo[39m]: successfully found cities
26/05/2024 21:37:22.610 [[32minfo[39m]: successfully found clients
26/05/2024 21:37:22.624 [[32minfo[39m]: successfully found cities
26/05/2024 21:37:28.480 [[32minfo[39m]: successfully found clients
26/05/2024 21:37:28.528 [[32minfo[39m]: successfully found cities
26/05/2024 21:37:28.637 [[32minfo[39m]: successfully found clients
26/05/2024 21:37:28.715 [[32minfo[39m]: successfully found cities
26/05/2024 21:37:34.772 [[32minfo[39m]: successfully found clients
26/05/2024 21:37:34.786 [[32minfo[39m]: successfully found cities
26/05/2024 21:37:34.931 [[32minfo[39m]: successfully found clients
26/05/2024 21:37:34.944 [[32minfo[39m]: successfully found cities
26/05/2024 21:38:20.461 [[32minfo[39m]: successfully found clients
26/05/2024 21:38:20.475 [[32minfo[39m]: successfully found cities
26/05/2024 21:38:20.589 [[32minfo[39m]: successfully found cities
26/05/2024 21:38:20.666 [[32minfo[39m]: successfully found clients
26/05/2024 21:38:25.442 [[32minfo[39m]: successfully found clients
26/05/2024 21:38:25.458 [[32minfo[39m]: successfully found cities
26/05/2024 21:38:25.619 [[32minfo[39m]: successfully found clients
26/05/2024 21:38:25.632 [[32minfo[39m]: successfully found cities
26/05/2024 21:38:45.798 [[32minfo[39m]: successfully found clients
26/05/2024 21:38:45.808 [[32minfo[39m]: successfully found cities
26/05/2024 21:38:45.953 [[32minfo[39m]: successfully found clients
26/05/2024 21:38:45.968 [[32minfo[39m]: successfully found cities
26/05/2024 21:39:17.960 [[32minfo[39m]: successfully found clients
26/05/2024 21:39:17.973 [[32minfo[39m]: successfully found cities
26/05/2024 21:39:18.118 [[32minfo[39m]: successfully found clients
26/05/2024 21:39:18.130 [[32minfo[39m]: successfully found cities
26/05/2024 21:39:28.054 [[32minfo[39m]: successfully found clients
26/05/2024 21:39:28.068 [[32minfo[39m]: successfully found cities
26/05/2024 21:39:28.217 [[32minfo[39m]: successfully found cities
26/05/2024 21:39:28.232 [[32minfo[39m]: successfully found clients
26/05/2024 21:39:29.978 [[32minfo[39m]: successfully found clients
26/05/2024 21:39:29.990 [[32minfo[39m]: successfully found cities
26/05/2024 21:39:30.149 [[32minfo[39m]: successfully found clients
26/05/2024 21:39:30.160 [[32minfo[39m]: successfully found cities
26/05/2024 21:39:30.997 [[32minfo[39m]: successfully found clients
26/05/2024 21:39:31.007 [[32minfo[39m]: successfully found cities
26/05/2024 21:39:31.165 [[32minfo[39m]: successfully found clients
26/05/2024 21:39:31.176 [[32minfo[39m]: successfully found cities
26/05/2024 21:39:32.041 [[32minfo[39m]: successfully found cities
26/05/2024 21:39:32.059 [[32minfo[39m]: successfully found clients
26/05/2024 21:39:32.173 [[32minfo[39m]: successfully found cities
26/05/2024 21:39:32.265 [[32minfo[39m]: successfully found clients
26/05/2024 21:39:32.966 [[32minfo[39m]: successfully found clients
26/05/2024 21:39:32.980 [[32minfo[39m]: successfully found cities
26/05/2024 21:39:33.148 [[32minfo[39m]: successfully found clients
26/05/2024 21:39:33.158 [[32minfo[39m]: successfully found cities
26/05/2024 21:39:35.010 [[32minfo[39m]: successfully found clients
26/05/2024 21:39:35.020 [[32minfo[39m]: successfully found cities
26/05/2024 21:39:35.164 [[32minfo[39m]: successfully found clients
26/05/2024 21:39:35.177 [[32minfo[39m]: successfully found cities
26/05/2024 21:40:01.002 [[32minfo[39m]: successfully found clients
26/05/2024 21:40:01.016 [[32minfo[39m]: successfully found cities
26/05/2024 21:40:01.164 [[32minfo[39m]: successfully found clients
26/05/2024 21:40:01.177 [[32minfo[39m]: successfully found cities
26/05/2024 21:40:03.036 [[32minfo[39m]: successfully found clients
26/05/2024 21:40:03.048 [[32minfo[39m]: successfully found cities
26/05/2024 21:40:03.200 [[32minfo[39m]: successfully found cities
26/05/2024 21:40:03.206 [[32minfo[39m]: successfully found clients
26/05/2024 21:40:04.003 [[32minfo[39m]: successfully found clients
26/05/2024 21:40:04.022 [[32minfo[39m]: successfully found cities
26/05/2024 21:40:04.167 [[32minfo[39m]: successfully found clients
26/05/2024 21:40:04.179 [[32minfo[39m]: successfully found cities
26/05/2024 21:40:06.002 [[32minfo[39m]: successfully found clients
26/05/2024 21:40:06.014 [[32minfo[39m]: successfully found cities
26/05/2024 21:40:06.143 [[32minfo[39m]: successfully found clients
26/05/2024 21:40:06.196 [[32minfo[39m]: successfully found cities
26/05/2024 21:40:08.999 [[32minfo[39m]: successfully found clients
26/05/2024 21:40:09.011 [[32minfo[39m]: successfully found cities
26/05/2024 21:40:09.115 [[32minfo[39m]: successfully found cities
26/05/2024 21:40:09.248 [[32minfo[39m]: successfully found clients
26/05/2024 21:40:12.024 [[32minfo[39m]: successfully found clients
26/05/2024 21:40:12.036 [[32minfo[39m]: successfully found cities
26/05/2024 21:40:12.179 [[32minfo[39m]: successfully found clients
26/05/2024 21:40:12.192 [[32minfo[39m]: successfully found cities
26/05/2024 21:40:21.008 [[32minfo[39m]: successfully found cities
26/05/2024 21:40:21.017 [[32minfo[39m]: successfully found clients
26/05/2024 21:40:21.119 [[32minfo[39m]: successfully found cities
26/05/2024 21:40:21.226 [[32minfo[39m]: successfully found clients
26/05/2024 21:40:41.465 [[32minfo[39m]: successfully found clients
26/05/2024 21:40:41.476 [[32minfo[39m]: successfully found cities
26/05/2024 21:40:41.619 [[32minfo[39m]: successfully found clients
26/05/2024 21:40:41.631 [[32minfo[39m]: successfully found cities
26/05/2024 21:41:56.762 [[32minfo[39m]: successfully found clients
26/05/2024 21:41:56.779 [[32minfo[39m]: successfully found cities
26/05/2024 21:41:56.929 [[32minfo[39m]: successfully found clients
26/05/2024 21:41:56.942 [[32minfo[39m]: successfully found cities
26/05/2024 21:43:48.117 [[32minfo[39m]: successfully found clients
26/05/2024 21:43:48.128 [[32minfo[39m]: successfully found cities
26/05/2024 21:43:48.278 [[32minfo[39m]: successfully found clients
26/05/2024 21:43:48.291 [[32minfo[39m]: successfully found cities
26/05/2024 21:43:55.999 [[32minfo[39m]: successfully found clients
26/05/2024 21:43:56.011 [[32minfo[39m]: successfully found cities
26/05/2024 21:43:56.125 [[32minfo[39m]: successfully found cities
26/05/2024 21:43:56.189 [[32minfo[39m]: successfully found clients
26/05/2024 21:43:57.004 [[32minfo[39m]: successfully found clients
26/05/2024 21:43:57.017 [[32minfo[39m]: successfully found cities
26/05/2024 21:43:57.168 [[32minfo[39m]: successfully found clients
26/05/2024 21:43:57.181 [[32minfo[39m]: successfully found cities
26/05/2024 21:44:01.961 [[32minfo[39m]: successfully found cities
26/05/2024 21:44:02.024 [[32minfo[39m]: successfully found clients
26/05/2024 21:44:02.103 [[32minfo[39m]: successfully found cities
26/05/2024 21:44:02.181 [[32minfo[39m]: successfully found clients
26/05/2024 21:44:02.954 [[32minfo[39m]: successfully found clients
26/05/2024 21:44:02.969 [[32minfo[39m]: successfully found cities
26/05/2024 21:44:03.120 [[32minfo[39m]: successfully found clients
26/05/2024 21:44:03.133 [[32minfo[39m]: successfully found cities
26/05/2024 21:44:15.963 [[32minfo[39m]: successfully found clients
26/05/2024 21:44:15.973 [[32minfo[39m]: successfully found cities
26/05/2024 21:44:16.117 [[32minfo[39m]: successfully found clients
26/05/2024 21:44:16.129 [[32minfo[39m]: successfully found cities
26/05/2024 21:44:31.946 [[32minfo[39m]: successfully found clients
26/05/2024 21:44:31.957 [[32minfo[39m]: successfully found cities
26/05/2024 21:44:32.117 [[32minfo[39m]: successfully found cities
26/05/2024 21:44:32.129 [[32minfo[39m]: successfully found clients
26/05/2024 21:45:17.040 [[32minfo[39m]: successfully found clients
26/05/2024 21:45:17.055 [[32minfo[39m]: successfully found cities
26/05/2024 21:45:17.227 [[32minfo[39m]: successfully found clients
26/05/2024 21:45:17.239 [[32minfo[39m]: successfully found cities
26/05/2024 21:46:08.035 [[32minfo[39m]: successfully found cities
26/05/2024 21:46:08.038 [[32minfo[39m]: successfully found clients
26/05/2024 21:46:08.148 [[32minfo[39m]: successfully found cities
26/05/2024 21:46:08.258 [[32minfo[39m]: successfully found clients
26/05/2024 21:46:21.994 [[32minfo[39m]: successfully found clients
26/05/2024 21:46:22.008 [[32minfo[39m]: successfully found cities
26/05/2024 21:46:22.160 [[32minfo[39m]: successfully found clients
26/05/2024 21:46:22.173 [[32minfo[39m]: successfully found cities
26/05/2024 21:47:32.042 [[32minfo[39m]: successfully found clients
26/05/2024 21:47:32.053 [[32minfo[39m]: successfully found cities
26/05/2024 21:47:32.198 [[32minfo[39m]: successfully found clients
26/05/2024 21:47:32.215 [[32minfo[39m]: successfully found cities
26/05/2024 21:47:44.001 [[32minfo[39m]: successfully found clients
26/05/2024 21:47:44.012 [[32minfo[39m]: successfully found cities
26/05/2024 21:47:44.180 [[32minfo[39m]: successfully found clients
26/05/2024 21:47:44.193 [[32minfo[39m]: successfully found cities
26/05/2024 21:47:46.396 [[32minfo[39m]: successfully found clients
26/05/2024 21:47:46.408 [[32minfo[39m]: successfully found cities
26/05/2024 21:47:46.521 [[32minfo[39m]: successfully found cities
26/05/2024 21:47:46.632 [[32minfo[39m]: successfully found clients
26/05/2024 21:47:48.930 [[32minfo[39m]: successfully found clients
26/05/2024 21:47:48.942 [[32minfo[39m]: successfully found cities
26/05/2024 21:47:49.062 [[32minfo[39m]: successfully found cities
26/05/2024 21:47:49.125 [[32minfo[39m]: successfully found clients
26/05/2024 21:47:50.966 [[32minfo[39m]: successfully found clients
26/05/2024 21:47:50.985 [[32minfo[39m]: successfully found cities
26/05/2024 21:47:51.118 [[32minfo[39m]: successfully found clients
26/05/2024 21:47:51.165 [[32minfo[39m]: successfully found cities
26/05/2024 21:47:56.938 [[32minfo[39m]: successfully found clients
26/05/2024 21:47:56.951 [[32minfo[39m]: successfully found cities
26/05/2024 21:47:57.094 [[32minfo[39m]: successfully found clients
26/05/2024 21:47:57.108 [[32minfo[39m]: successfully found cities
26/05/2024 21:48:02.960 [[32minfo[39m]: successfully found clients
26/05/2024 21:48:03.007 [[32minfo[39m]: successfully found cities
26/05/2024 21:48:03.118 [[32minfo[39m]: successfully found clients
26/05/2024 21:48:03.196 [[32minfo[39m]: successfully found cities
26/05/2024 21:48:04.954 [[32minfo[39m]: successfully found clients
26/05/2024 21:48:04.965 [[32minfo[39m]: successfully found cities
26/05/2024 21:48:05.127 [[32minfo[39m]: successfully found clients
26/05/2024 21:48:05.137 [[32minfo[39m]: successfully found cities
26/05/2024 21:48:08.972 [[32minfo[39m]: successfully found clients
26/05/2024 21:48:08.983 [[32minfo[39m]: successfully found cities
26/05/2024 21:48:09.136 [[32minfo[39m]: successfully found clients
26/05/2024 21:48:09.147 [[32minfo[39m]: successfully found cities
26/05/2024 21:48:12.014 [[32minfo[39m]: successfully found clients
26/05/2024 21:48:12.024 [[32minfo[39m]: successfully found cities
26/05/2024 21:48:12.169 [[32minfo[39m]: successfully found clients
26/05/2024 21:48:12.180 [[32minfo[39m]: successfully found cities
26/05/2024 21:48:24.970 [[32minfo[39m]: successfully found clients
26/05/2024 21:48:24.986 [[32minfo[39m]: successfully found cities
26/05/2024 21:48:25.100 [[32minfo[39m]: successfully found cities
26/05/2024 21:48:25.176 [[32minfo[39m]: successfully found clients
26/05/2024 21:48:26.936 [[32minfo[39m]: successfully found clients
26/05/2024 21:48:26.949 [[32minfo[39m]: successfully found cities
26/05/2024 21:48:27.093 [[32minfo[39m]: successfully found clients
26/05/2024 21:48:27.106 [[32minfo[39m]: successfully found cities
26/05/2024 21:48:28.974 [[32minfo[39m]: successfully found clients
26/05/2024 21:48:28.987 [[32minfo[39m]: successfully found cities
26/05/2024 21:48:29.133 [[32minfo[39m]: successfully found clients
26/05/2024 21:48:29.146 [[32minfo[39m]: successfully found cities
26/05/2024 21:48:57.071 [[32minfo[39m]: successfully found clients
26/05/2024 21:48:57.084 [[32minfo[39m]: successfully found cities
26/05/2024 21:48:57.233 [[32minfo[39m]: successfully found clients
26/05/2024 21:48:57.245 [[32minfo[39m]: successfully found cities
26/05/2024 21:49:02.964 [[32minfo[39m]: successfully found clients
26/05/2024 21:49:02.977 [[32minfo[39m]: successfully found cities
26/05/2024 21:49:03.141 [[32minfo[39m]: successfully found clients
26/05/2024 21:49:03.155 [[32minfo[39m]: successfully found cities
26/05/2024 21:50:05.059 [[32minfo[39m]: successfully found clients
26/05/2024 21:50:05.074 [[32minfo[39m]: successfully found cities
26/05/2024 21:50:05.238 [[32minfo[39m]: successfully found clients
26/05/2024 21:50:05.284 [[32minfo[39m]: successfully found cities
26/05/2024 21:50:06.961 [[32minfo[39m]: successfully found clients
26/05/2024 21:50:06.978 [[32minfo[39m]: successfully found cities
26/05/2024 21:50:07.132 [[32minfo[39m]: successfully found clients
26/05/2024 21:50:07.144 [[32minfo[39m]: successfully found cities
26/05/2024 21:50:12.007 [[32minfo[39m]: successfully found clients
26/05/2024 21:50:12.018 [[32minfo[39m]: successfully found cities
26/05/2024 21:50:12.147 [[32minfo[39m]: successfully found clients
26/05/2024 21:50:12.194 [[32minfo[39m]: successfully found cities
26/05/2024 21:50:22.161 [[32minfo[39m]: successfully found clients
26/05/2024 21:50:22.172 [[32minfo[39m]: successfully found cities
26/05/2024 21:50:22.324 [[32minfo[39m]: successfully found clients
26/05/2024 21:50:22.343 [[32minfo[39m]: successfully found cities
26/05/2024 21:50:23.979 [[32minfo[39m]: successfully found clients
26/05/2024 21:50:23.991 [[32minfo[39m]: successfully found cities
26/05/2024 21:50:24.131 [[32minfo[39m]: successfully found clients
26/05/2024 21:50:24.142 [[32minfo[39m]: successfully found cities
26/05/2024 21:50:26.031 [[32minfo[39m]: successfully found clients
26/05/2024 21:50:26.042 [[32minfo[39m]: successfully found cities
26/05/2024 21:50:26.186 [[32minfo[39m]: successfully found clients
26/05/2024 21:50:26.199 [[32minfo[39m]: successfully found cities
26/05/2024 21:50:28.988 [[32minfo[39m]: successfully found clients
26/05/2024 21:50:29.002 [[32minfo[39m]: successfully found cities
26/05/2024 21:50:29.171 [[32minfo[39m]: successfully found clients
26/05/2024 21:50:29.187 [[32minfo[39m]: successfully found cities
26/05/2024 21:50:29.986 [[32minfo[39m]: successfully found clients
26/05/2024 21:50:29.999 [[32minfo[39m]: successfully found cities
26/05/2024 21:50:30.140 [[32minfo[39m]: successfully found clients
26/05/2024 21:50:30.185 [[32minfo[39m]: successfully found cities
26/05/2024 21:50:31.992 [[32minfo[39m]: successfully found clients
26/05/2024 21:50:32.004 [[32minfo[39m]: successfully found cities
26/05/2024 21:50:32.152 [[32minfo[39m]: successfully found clients
26/05/2024 21:50:32.165 [[32minfo[39m]: successfully found cities
26/05/2024 21:50:41.925 [[32minfo[39m]: successfully found cities
26/05/2024 21:50:42.003 [[32minfo[39m]: successfully found clients
26/05/2024 21:50:42.097 [[32minfo[39m]: successfully found cities
26/05/2024 21:50:42.160 [[32minfo[39m]: successfully found clients
26/05/2024 21:50:44.041 [[32minfo[39m]: successfully found clients
26/05/2024 21:50:44.053 [[32minfo[39m]: successfully found cities
26/05/2024 21:50:44.202 [[32minfo[39m]: successfully found clients
26/05/2024 21:50:44.215 [[32minfo[39m]: successfully found cities
26/05/2024 21:50:44.973 [[32minfo[39m]: successfully found clients
26/05/2024 21:50:44.986 [[32minfo[39m]: successfully found cities
26/05/2024 21:50:45.113 [[32minfo[39m]: successfully found clients
26/05/2024 21:50:45.160 [[32minfo[39m]: successfully found cities
26/05/2024 21:50:51.952 [[32minfo[39m]: successfully found clients
26/05/2024 21:50:51.965 [[32minfo[39m]: successfully found cities
26/05/2024 21:50:52.108 [[32minfo[39m]: successfully found clients
26/05/2024 21:50:52.121 [[32minfo[39m]: successfully found cities
26/05/2024 21:50:53.949 [[32minfo[39m]: successfully found clients
26/05/2024 21:50:53.997 [[32minfo[39m]: successfully found cities
26/05/2024 21:50:54.123 [[32minfo[39m]: successfully found clients
26/05/2024 21:50:54.186 [[32minfo[39m]: successfully found cities
26/05/2024 21:50:56.035 [[32minfo[39m]: successfully found clients
26/05/2024 21:50:56.048 [[32minfo[39m]: successfully found cities
26/05/2024 21:50:56.212 [[32minfo[39m]: successfully found clients
26/05/2024 21:50:56.224 [[32minfo[39m]: successfully found cities
26/05/2024 21:50:57.895 [[32minfo[39m]: successfully found clients
26/05/2024 21:50:57.908 [[32minfo[39m]: successfully found cities
26/05/2024 21:50:58.059 [[32minfo[39m]: successfully found clients
26/05/2024 21:50:58.073 [[32minfo[39m]: successfully found cities
26/05/2024 21:51:04.056 [[32minfo[39m]: successfully found clients
26/05/2024 21:51:04.068 [[32minfo[39m]: successfully found cities
26/05/2024 21:51:04.219 [[32minfo[39m]: successfully found clients
26/05/2024 21:51:04.233 [[32minfo[39m]: successfully found cities
26/05/2024 21:51:06.995 [[32minfo[39m]: successfully found clients
26/05/2024 21:51:07.008 [[32minfo[39m]: successfully found cities
26/05/2024 21:51:07.161 [[32minfo[39m]: successfully found clients
26/05/2024 21:51:07.172 [[32minfo[39m]: successfully found cities
26/05/2024 21:51:08.974 [[32minfo[39m]: successfully found clients
26/05/2024 21:51:08.984 [[32minfo[39m]: successfully found cities
26/05/2024 21:51:09.138 [[32minfo[39m]: successfully found clients
26/05/2024 21:51:09.149 [[32minfo[39m]: successfully found cities
26/05/2024 21:51:10.935 [[32minfo[39m]: successfully found clients
26/05/2024 21:51:10.958 [[32minfo[39m]: successfully found cities
26/05/2024 21:51:11.126 [[32minfo[39m]: successfully found clients
26/05/2024 21:51:11.141 [[32minfo[39m]: successfully found cities
26/05/2024 21:51:16.033 [[32minfo[39m]: successfully found clients
26/05/2024 21:51:16.045 [[32minfo[39m]: successfully found cities
26/05/2024 21:51:16.193 [[32minfo[39m]: successfully found clients
26/05/2024 21:51:16.207 [[32minfo[39m]: successfully found cities
26/05/2024 21:52:45.056 [[32minfo[39m]: successfully found cities
26/05/2024 21:52:45.070 [[32minfo[39m]: successfully found clients
26/05/2024 21:52:45.169 [[32minfo[39m]: successfully found cities
26/05/2024 21:52:45.275 [[32minfo[39m]: successfully found clients
26/05/2024 21:52:47.987 [[32minfo[39m]: successfully found clients
26/05/2024 21:52:48.000 [[32minfo[39m]: successfully found cities
26/05/2024 21:52:48.151 [[32minfo[39m]: successfully found clients
26/05/2024 21:52:48.165 [[32minfo[39m]: successfully found cities
26/05/2024 21:52:49.964 [[32minfo[39m]: successfully found clients
26/05/2024 21:52:49.977 [[32minfo[39m]: successfully found cities
26/05/2024 21:52:50.119 [[32minfo[39m]: successfully found clients
26/05/2024 21:52:50.132 [[32minfo[39m]: successfully found cities
26/05/2024 21:52:51.922 [[32minfo[39m]: successfully found clients
26/05/2024 21:52:51.934 [[32minfo[39m]: successfully found cities
26/05/2024 21:52:52.075 [[32minfo[39m]: successfully found clients
26/05/2024 21:52:52.088 [[32minfo[39m]: successfully found cities
26/05/2024 21:53:00.014 [[32minfo[39m]: successfully found clients
26/05/2024 21:53:00.026 [[32minfo[39m]: successfully found cities
26/05/2024 21:53:00.176 [[32minfo[39m]: successfully found clients
26/05/2024 21:53:00.190 [[32minfo[39m]: successfully found cities
26/05/2024 21:53:01.969 [[32minfo[39m]: successfully found clients
26/05/2024 21:53:01.982 [[32minfo[39m]: successfully found cities
26/05/2024 21:53:02.105 [[32minfo[39m]: successfully found cities
26/05/2024 21:53:02.189 [[32minfo[39m]: successfully found clients
26/05/2024 21:53:02.996 [[32minfo[39m]: successfully found clients
26/05/2024 21:53:03.043 [[32minfo[39m]: successfully found cities
26/05/2024 21:53:03.154 [[32minfo[39m]: successfully found clients
26/05/2024 21:53:03.234 [[32minfo[39m]: successfully found cities
26/05/2024 21:54:57.980 [[32minfo[39m]: successfully found clients
26/05/2024 21:54:57.994 [[32minfo[39m]: successfully found cities
26/05/2024 21:54:58.140 [[32minfo[39m]: successfully found clients
26/05/2024 21:54:58.153 [[32minfo[39m]: successfully found cities
26/05/2024 21:55:05.024 [[32minfo[39m]: successfully found cities
26/05/2024 21:55:05.036 [[32minfo[39m]: successfully found clients
26/05/2024 21:55:05.141 [[32minfo[39m]: successfully found cities
26/05/2024 21:55:05.247 [[32minfo[39m]: successfully found clients
26/05/2024 21:55:08.912 [[32minfo[39m]: successfully found clients
26/05/2024 21:55:08.924 [[32minfo[39m]: successfully found cities
26/05/2024 21:55:09.049 [[32minfo[39m]: successfully found clients
26/05/2024 21:55:09.091 [[32minfo[39m]: successfully found cities
26/05/2024 21:55:41.819 [[32minfo[39m]: successfully found clients
26/05/2024 21:55:41.833 [[32minfo[39m]: successfully found cities
26/05/2024 21:55:41.941 [[32minfo[39m]: successfully found cities
26/05/2024 21:55:42.014 [[32minfo[39m]: successfully found clients
26/05/2024 21:56:57.971 [[32minfo[39m]: successfully found clients
26/05/2024 21:56:57.982 [[32minfo[39m]: successfully found cities
26/05/2024 21:56:58.142 [[32minfo[39m]: successfully found clients
26/05/2024 21:56:58.153 [[32minfo[39m]: successfully found cities
26/05/2024 21:57:52.143 [[32minfo[39m]: successfully found clients
26/05/2024 21:57:52.157 [[32minfo[39m]: successfully found cities
26/05/2024 21:57:52.315 [[32minfo[39m]: successfully found clients
26/05/2024 21:57:52.330 [[32minfo[39m]: successfully found cities
26/05/2024 21:57:52.531 [[32minfo[39m]: internet status found successfully
26/05/2024 21:57:52.532 [[32minfo[39m]: internet status found successfully
26/05/2024 21:57:52.532 [[32minfo[39m]: internet status found successfully
26/05/2024 21:57:52.532 [[32minfo[39m]: internet status found successfully
26/05/2024 21:57:52.533 [[32minfo[39m]: internet status found successfully
26/05/2024 21:57:52.533 [[32minfo[39m]: internet status found successfully
26/05/2024 21:57:52.582 [[32minfo[39m]: internet status found successfully
26/05/2024 21:57:52.583 [[32minfo[39m]: internet status found successfully
26/05/2024 21:58:39.331 [[32minfo[39m]: successfully found clients
26/05/2024 21:58:39.346 [[32minfo[39m]: successfully found cities
26/05/2024 21:58:39.464 [[32minfo[39m]: successfully found cities
26/05/2024 21:58:39.537 [[32minfo[39m]: successfully found clients
26/05/2024 21:58:40.069 [[32minfo[39m]: internet status found successfully
26/05/2024 21:58:40.069 [[32minfo[39m]: internet status found successfully
26/05/2024 21:58:40.070 [[32minfo[39m]: internet status found successfully
26/05/2024 21:58:40.070 [[32minfo[39m]: internet status found successfully
26/05/2024 21:58:40.070 [[32minfo[39m]: internet status found successfully
26/05/2024 21:58:40.071 [[32minfo[39m]: internet status found successfully
26/05/2024 21:58:40.132 [[32minfo[39m]: internet status found successfully
26/05/2024 21:58:40.133 [[32minfo[39m]: internet status found successfully
26/05/2024 21:58:52.583 [[32minfo[39m]: successfully found clients
26/05/2024 21:58:52.594 [[32minfo[39m]: successfully found cities
26/05/2024 21:58:52.740 [[32minfo[39m]: successfully found clients
26/05/2024 21:58:52.756 [[32minfo[39m]: successfully found cities
26/05/2024 21:58:53.686 [[32minfo[39m]: internet status found successfully
26/05/2024 21:58:53.687 [[32minfo[39m]: internet status found successfully
26/05/2024 21:58:53.687 [[32minfo[39m]: internet status found successfully
26/05/2024 21:58:53.688 [[32minfo[39m]: internet status found successfully
26/05/2024 21:58:53.688 [[32minfo[39m]: internet status found successfully
26/05/2024 21:58:53.688 [[32minfo[39m]: internet status found successfully
26/05/2024 21:58:53.743 [[32minfo[39m]: internet status found successfully
26/05/2024 21:58:53.743 [[32minfo[39m]: internet status found successfully
26/05/2024 21:59:14.579 [[32minfo[39m]: successfully found cities
26/05/2024 21:59:14.583 [[32minfo[39m]: successfully found clients
26/05/2024 21:59:14.696 [[32minfo[39m]: successfully found cities
26/05/2024 21:59:14.797 [[32minfo[39m]: successfully found clients
26/05/2024 21:59:15.053 [[32minfo[39m]: internet status found successfully
26/05/2024 21:59:15.054 [[32minfo[39m]: internet status found successfully
26/05/2024 21:59:15.054 [[32minfo[39m]: internet status found successfully
26/05/2024 21:59:15.055 [[32minfo[39m]: internet status found successfully
26/05/2024 21:59:15.055 [[32minfo[39m]: internet status found successfully
26/05/2024 21:59:15.055 [[32minfo[39m]: internet status found successfully
26/05/2024 21:59:15.117 [[32minfo[39m]: internet status found successfully
26/05/2024 21:59:15.118 [[32minfo[39m]: internet status found successfully
26/05/2024 22:02:42.417 [[32minfo[39m]: successfully found cities
26/05/2024 22:02:42.499 [[32minfo[39m]: successfully found clients
26/05/2024 22:02:42.655 [[32minfo[39m]: successfully found clients
26/05/2024 22:02:42.722 [[32minfo[39m]: successfully found cities
26/05/2024 22:04:36.461 [[32minfo[39m]: internet status found successfully
26/05/2024 22:04:36.461 [[32minfo[39m]: internet status found successfully
26/05/2024 22:04:36.462 [[32minfo[39m]: internet status found successfully
26/05/2024 22:04:36.462 [[32minfo[39m]: internet status found successfully
26/05/2024 22:04:36.463 [[32minfo[39m]: internet status found successfully
26/05/2024 22:04:36.463 [[32minfo[39m]: internet status found successfully
26/05/2024 22:04:36.513 [[32minfo[39m]: internet status found successfully
26/05/2024 22:04:36.514 [[32minfo[39m]: internet status found successfully
26/05/2024 22:04:39.057 [[32minfo[39m]: internet status found successfully
26/05/2024 22:04:39.058 [[32minfo[39m]: internet status found successfully
26/05/2024 22:04:39.058 [[32minfo[39m]: internet status found successfully
26/05/2024 22:04:39.058 [[32minfo[39m]: internet status found successfully
26/05/2024 22:04:39.059 [[32minfo[39m]: internet status found successfully
26/05/2024 22:04:39.059 [[32minfo[39m]: internet status found successfully
26/05/2024 22:04:39.113 [[32minfo[39m]: internet status found successfully
26/05/2024 22:04:39.114 [[32minfo[39m]: internet status found successfully
26/05/2024 22:04:40.645 [[32minfo[39m]: successfully found cities
26/05/2024 22:04:40.654 [[32minfo[39m]: successfully found clients
26/05/2024 22:04:40.749 [[32minfo[39m]: successfully found cities
26/05/2024 22:04:40.856 [[32minfo[39m]: successfully found clients
26/05/2024 22:04:42.192 [[32minfo[39m]: internet status found successfully
26/05/2024 22:04:42.192 [[32minfo[39m]: internet status found successfully
26/05/2024 22:04:42.192 [[32minfo[39m]: internet status found successfully
26/05/2024 22:04:42.193 [[32minfo[39m]: internet status found successfully
26/05/2024 22:04:42.193 [[32minfo[39m]: internet status found successfully
26/05/2024 22:04:42.193 [[32minfo[39m]: internet status found successfully
26/05/2024 22:04:42.242 [[32minfo[39m]: internet status found successfully
26/05/2024 22:04:42.242 [[32minfo[39m]: internet status found successfully
26/05/2024 22:04:44.697 [[32minfo[39m]: internet status found successfully
26/05/2024 22:04:44.698 [[32minfo[39m]: internet status found successfully
26/05/2024 22:04:44.698 [[32minfo[39m]: internet status found successfully
26/05/2024 22:04:44.698 [[32minfo[39m]: internet status found successfully
26/05/2024 22:04:44.699 [[32minfo[39m]: internet status found successfully
26/05/2024 22:04:44.699 [[32minfo[39m]: internet status found successfully
26/05/2024 22:04:44.765 [[32minfo[39m]: internet status found successfully
26/05/2024 22:04:44.765 [[32minfo[39m]: internet status found successfully
26/05/2024 22:05:10.198 [[32minfo[39m]: successfully found clients
26/05/2024 22:05:10.212 [[32minfo[39m]: successfully found cities
26/05/2024 22:05:10.362 [[32minfo[39m]: successfully found clients
26/05/2024 22:05:10.374 [[32minfo[39m]: successfully found cities
26/05/2024 22:05:10.644 [[32minfo[39m]: internet status found successfully
26/05/2024 22:05:10.645 [[32minfo[39m]: internet status found successfully
26/05/2024 22:05:10.645 [[32minfo[39m]: internet status found successfully
26/05/2024 22:05:10.646 [[32minfo[39m]: internet status found successfully
26/05/2024 22:05:10.646 [[32minfo[39m]: internet status found successfully
26/05/2024 22:05:10.646 [[32minfo[39m]: internet status found successfully
26/05/2024 22:05:10.701 [[32minfo[39m]: internet status found successfully
26/05/2024 22:05:10.702 [[32minfo[39m]: internet status found successfully
26/05/2024 22:05:31.739 [[32minfo[39m]: internet status found successfully
26/05/2024 22:05:31.740 [[32minfo[39m]: internet status found successfully
26/05/2024 22:05:31.740 [[32minfo[39m]: internet status found successfully
26/05/2024 22:05:31.741 [[32minfo[39m]: internet status found successfully
26/05/2024 22:05:31.741 [[32minfo[39m]: internet status found successfully
26/05/2024 22:05:31.741 [[32minfo[39m]: internet status found successfully
26/05/2024 22:05:31.791 [[32minfo[39m]: internet status found successfully
26/05/2024 22:05:31.792 [[32minfo[39m]: internet status found successfully
26/05/2024 22:05:32.588 [[32minfo[39m]: internet status found successfully
26/05/2024 22:05:32.588 [[32minfo[39m]: internet status found successfully
26/05/2024 22:05:32.589 [[32minfo[39m]: internet status found successfully
26/05/2024 22:05:32.589 [[32minfo[39m]: internet status found successfully
26/05/2024 22:05:32.589 [[32minfo[39m]: internet status found successfully
26/05/2024 22:05:32.589 [[32minfo[39m]: internet status found successfully
26/05/2024 22:05:32.658 [[32minfo[39m]: internet status found successfully
26/05/2024 22:05:32.659 [[32minfo[39m]: internet status found successfully
26/05/2024 22:05:33.961 [[32minfo[39m]: successfully found clients
26/05/2024 22:05:33.974 [[32minfo[39m]: successfully found cities
26/05/2024 22:05:34.133 [[32minfo[39m]: successfully found clients
26/05/2024 22:05:34.144 [[32minfo[39m]: successfully found cities
26/05/2024 22:05:34.802 [[32minfo[39m]: internet status found successfully
26/05/2024 22:05:34.802 [[32minfo[39m]: internet status found successfully
26/05/2024 22:05:34.803 [[32minfo[39m]: internet status found successfully
26/05/2024 22:05:34.803 [[32minfo[39m]: internet status found successfully
26/05/2024 22:05:34.803 [[32minfo[39m]: internet status found successfully
26/05/2024 22:05:34.803 [[32minfo[39m]: internet status found successfully
26/05/2024 22:05:34.860 [[32minfo[39m]: internet status found successfully
26/05/2024 22:05:34.861 [[32minfo[39m]: internet status found successfully
26/05/2024 22:05:39.276 [[32minfo[39m]: internet status found successfully
26/05/2024 22:05:39.277 [[32minfo[39m]: internet status found successfully
26/05/2024 22:05:39.277 [[32minfo[39m]: internet status found successfully
26/05/2024 22:05:39.278 [[32minfo[39m]: internet status found successfully
26/05/2024 22:05:39.278 [[32minfo[39m]: internet status found successfully
26/05/2024 22:05:39.278 [[32minfo[39m]: internet status found successfully
26/05/2024 22:05:39.327 [[32minfo[39m]: internet status found successfully
26/05/2024 22:05:39.328 [[32minfo[39m]: internet status found successfully
26/05/2024 22:05:40.892 [[32minfo[39m]: internet status found successfully
26/05/2024 22:05:40.893 [[32minfo[39m]: internet status found successfully
26/05/2024 22:05:40.893 [[32minfo[39m]: internet status found successfully
26/05/2024 22:05:40.893 [[32minfo[39m]: internet status found successfully
26/05/2024 22:05:40.894 [[32minfo[39m]: internet status found successfully
26/05/2024 22:05:40.894 [[32minfo[39m]: internet status found successfully
26/05/2024 22:05:40.950 [[32minfo[39m]: internet status found successfully
26/05/2024 22:05:40.951 [[32minfo[39m]: internet status found successfully
26/05/2024 22:06:04.048 [[32minfo[39m]: successfully found cities
26/05/2024 22:06:04.124 [[32minfo[39m]: successfully found clients
26/05/2024 22:06:04.197 [[32minfo[39m]: successfully found cities
26/05/2024 22:06:04.267 [[32minfo[39m]: successfully found clients
26/05/2024 22:06:05.306 [[32minfo[39m]: internet status found successfully
26/05/2024 22:06:05.307 [[32minfo[39m]: internet status found successfully
26/05/2024 22:06:05.307 [[32minfo[39m]: internet status found successfully
26/05/2024 22:06:05.307 [[32minfo[39m]: internet status found successfully
26/05/2024 22:06:05.308 [[32minfo[39m]: internet status found successfully
26/05/2024 22:06:05.308 [[32minfo[39m]: internet status found successfully
26/05/2024 22:06:05.358 [[32minfo[39m]: internet status found successfully
26/05/2024 22:06:05.358 [[32minfo[39m]: internet status found successfully
26/05/2024 22:06:07.656 [[32minfo[39m]: successfully found cities
26/05/2024 22:06:07.664 [[32minfo[39m]: successfully found clients
26/05/2024 22:06:07.775 [[32minfo[39m]: successfully found cities
26/05/2024 22:06:07.876 [[32minfo[39m]: successfully found clients
26/05/2024 22:06:14.010 [[32minfo[39m]: successfully found clients
26/05/2024 22:06:14.023 [[32minfo[39m]: successfully found cities
26/05/2024 22:06:14.181 [[32minfo[39m]: successfully found clients
26/05/2024 22:06:14.194 [[32minfo[39m]: successfully found cities
26/05/2024 22:06:14.628 [[32minfo[39m]: internet status found successfully
26/05/2024 22:06:14.629 [[32minfo[39m]: internet status found successfully
26/05/2024 22:06:14.629 [[32minfo[39m]: internet status found successfully
26/05/2024 22:06:14.629 [[32minfo[39m]: internet status found successfully
26/05/2024 22:06:14.630 [[32minfo[39m]: internet status found successfully
26/05/2024 22:06:14.630 [[32minfo[39m]: internet status found successfully
26/05/2024 22:06:14.697 [[32minfo[39m]: internet status found successfully
26/05/2024 22:06:14.698 [[32minfo[39m]: internet status found successfully
26/05/2024 22:06:47.994 [[32minfo[39m]: successfully found clients
26/05/2024 22:06:48.008 [[32minfo[39m]: successfully found cities
26/05/2024 22:06:48.118 [[32minfo[39m]: successfully found cities
26/05/2024 22:06:48.205 [[32minfo[39m]: successfully found clients
26/05/2024 22:06:48.706 [[32minfo[39m]: internet status found successfully
26/05/2024 22:06:48.707 [[32minfo[39m]: internet status found successfully
26/05/2024 22:06:48.708 [[32minfo[39m]: internet status found successfully
26/05/2024 22:06:48.708 [[32minfo[39m]: internet status found successfully
26/05/2024 22:06:48.708 [[32minfo[39m]: internet status found successfully
26/05/2024 22:06:48.709 [[32minfo[39m]: internet status found successfully
26/05/2024 22:06:48.767 [[32minfo[39m]: internet status found successfully
26/05/2024 22:06:48.768 [[32minfo[39m]: internet status found successfully
26/05/2024 22:09:43.570 [[32minfo[39m]: successfully found clients
26/05/2024 22:09:43.584 [[32minfo[39m]: successfully found cities
26/05/2024 22:09:43.733 [[32minfo[39m]: successfully found clients
26/05/2024 22:09:43.746 [[32minfo[39m]: successfully found cities
26/05/2024 22:09:45.788 [[32minfo[39m]: internet status found successfully
26/05/2024 22:09:45.789 [[32minfo[39m]: internet status found successfully
26/05/2024 22:09:45.789 [[32minfo[39m]: internet status found successfully
26/05/2024 22:09:45.789 [[32minfo[39m]: internet status found successfully
26/05/2024 22:09:45.790 [[32minfo[39m]: internet status found successfully
26/05/2024 22:09:45.790 [[32minfo[39m]: internet status found successfully
26/05/2024 22:09:45.852 [[32minfo[39m]: internet status found successfully
26/05/2024 22:09:45.853 [[32minfo[39m]: internet status found successfully
27/05/2024 05:56:49.382 [[32minfo[39m]: successfully found clients
27/05/2024 05:56:49.396 [[32minfo[39m]: successfully found cities
27/05/2024 05:56:49.546 [[32minfo[39m]: successfully found clients
27/05/2024 05:56:49.558 [[32minfo[39m]: successfully found cities
